<?xml version="1.0" encoding="UTF-8"?>
<testsuite xmlns:xsi="http://www.w3.org/2001/XMLSchema-instance" xsi:noNamespaceSchemaLocation="https://maven.apache.org/surefire/maven-surefire-plugin/xsd/surefire-test-report-3.0.xsd" version="3.0" name="com.example.weather.service.HttpRequestServiceTest" time="1.833" tests="2" errors="0" skipped="1" failures="0">
  <properties>
[...]
</properties>
  <testcase name="getDataForBucurestiTest" classname="com.example.weather.service.HttpRequestServiceTest" time="1.826"/>
  <testcase name="getDataForAradTest" classname="com.example.weather.service.HttpRequestServiceTest" time="0.0">
    <skipped message="void com.example.weather.service.HttpRequestServiceTest.getDataForAradTest() is @Disabled"/>
  </testcase>
</testsuite>